<?xml version="1.0" encoding="UTF-8"?>
<!-- Generated by org.testng.reporters.JUnitXMLReporter -->
<testsuite ignored="1" hostname="skumar523-C02XJ3WZJHD3" failures="0" tests="1" name="Default test" time="0.04" errors="0" timestamp="2023-10-04T15:15:50 IST">
  <testcase classname="TestNg.Priority_Invocation_Enabled" name="demo3" time="0.008"/>
  <testcase classname="TestNg.Priority_Invocation_Enabled" name="demo2" time="0.0">
    <ignored/>
  </testcase> <!-- demo2 -->
</testsuite> <!-- Default test -->
