<?xml version="1.0" encoding="UTF-8"?>
<testng-results ignored="0" total="2" passed="2" failed="0" skipped="0">
  <reporter-output>
  </reporter-output>
  <suite started-at="2023-10-04T15:51:21 IST" name="Suite" finished-at="2023-10-04T15:51:34 IST" duration-ms="13473">
    <groups>
    </groups>
    <test started-at="2023-10-04T15:51:21 IST" name="Test" finished-at="2023-10-04T15:51:34 IST" duration-ms="13473">
      <class name="TestNG_Sequential.Amazon">
        <test-method signature="amz()[pri:0, instance:TestNG_Sequential.Amazon@5e0826e7]" started-at="2023-10-04T15:51:27 IST" name="amz" finished-at="2023-10-04T15:51:34 IST" duration-ms="7129" status="PASS">
          <reporter-output>
          </reporter-output>
        </test-method> <!-- amz -->
      </class> <!-- TestNG_Sequential.Amazon -->
      <class name="TestNG_Sequential.Facebook">
        <test-method signature="fb()[pri:0, instance:TestNG_Sequential.Facebook@42e99e4a]" started-at="2023-10-04T15:51:21 IST" name="fb" finished-at="2023-10-04T15:51:27 IST" duration-ms="6307" status="PASS">
          <reporter-output>
          </reporter-output>
        </test-method> <!-- fb -->
      </class> <!-- TestNG_Sequential.Facebook -->
    </test> <!-- Test -->
  </suite> <!-- Suite -->
</testng-results>
